<?xml version="1.0" encoding="UTF-8"?>
<!-- Generated by org.testng.reporters.JUnitReportReporter -->
<testsuite hostname="CAV-PC" name="com.test.ThermometerTest" tests="5" failures="0" timestamp="4 Aug 2016 22:13:05 GMT" time="55.834" errors="0">
  <testcase name="count" time="4.903" classname="com.test.ThermometerTest"/>
  <testcase name="firstImageRating" time="0.337" classname="com.test.ThermometerTest"/>
  <testcase name="firstImagePrice" time="0.412" classname="com.test.ThermometerTest"/>
  <testcase name="outofStockTest" time="0.727" classname="com.test.ThermometerTest"/>
  <testcase name="clickOnThermometer" time="49.455" classname="com.test.ThermometerTest"/>
</testsuite> <!-- com.test.ThermometerTest -->
